#
# There is insufficient memory for the Java Runtime Environment to continue.
# Native memory allocation (mmap) failed to map 268435456 bytes. Error detail: G1 virtual space
# Possible reasons:
#   The system is out of physical RAM or swap space
#   This process is running with CompressedOops enabled, and the Java Heap may be blocking the growth of the native heap
# Possible solutions:
#   Reduce memory load on the system
#   Increase physical memory or swap space
#   Check if swap backing store is full
#   Decrease Java heap size (-Xmx/-Xms)
#   Decrease number of Java threads
#   Decrease Java thread stack sizes (-Xss)
#   Set larger code cache with -XX:ReservedCodeCacheSize=
#   JVM is running with Zero Based Compressed Oops mode in which the Java heap is
#     placed in the first 32GB address space. The Java Heap base address is the
#     maximum limit for the native heap growth. Please use -XX:HeapBaseMinAddress
#     to set the Java Heap base and to place the Java Heap above 32GB virtual address.
# This output file may be truncated or incomplete.
#
#  Out of Memory Error (os_windows.cpp:3707), pid=2356, tid=11580
#
# JRE version:  (23.0.2+7) (build )
# Java VM: Java HotSpot(TM) 64-Bit Server VM (23.0.2+7-58, mixed mode, sharing, tiered, compressed oops, compressed class ptrs, g1 gc, windows-amd64)
# No core dump will be written. Minidumps are not enabled by default on client versions of Windows
#

---------------  S U M M A R Y ------------

Command Line: -Dclassworlds.conf=C:\Program Files\NetBeans-24\netbeans\java\maven\bin\m2.conf -Dmaven.home=C:\Program Files\NetBeans-24\netbeans\java\maven -Dlibrary.jansi.path=C:\Program Files\NetBeans-24\netbeans\java\maven\lib\jansi-native -Dmaven.multiModuleProjectDirectory=C:\Users\test\Downloads\javaProject\javaProject\javaProject org.codehaus.plexus.classworlds.launcher.Launcher -Dexec.vmArgs= -Dexec.args=${exec.vmArgs} -classpath %classpath ${exec.mainClass} ${exec.appArgs} -Dexec.appArgs= -Dexec.mainClass=com.mycompany.javaproject.JavaProject -Dexec.executable=C:\Program Files\Java\jdk-23\bin\java.exe -Dmaven.ext.class.path=C:\Program Files\NetBeans-24\netbeans\java\maven-nblib\netbeans-eventspy.jar --no-transfer-progress process-classes org.codehaus.mojo:exec-maven-plugin:3.1.0:exec

Host: Intel(R) Core(TM) i7-6700HQ CPU @ 2.60GHz, 8 cores, 15G,  Windows 10 , 64 bit Build 19041 (10.0.19041.5678)
Time: Thu May  1 14:20:51 2025 Paris, Madrid (heure duild 19041 (10.0.19041.5678) elapsed time: 0.108399 seconds (0d 0h 0m 0s)

---------------  T H R E A D  ---------------

Current thread (0x00000208ba10eb40):  JavaThread "Unknown thread" [_thread_in_vm, id=11580, stack(0x0000002322900000,0x0000002322a00000) (1024K)]

Stack: [0x0000002322900000,0x0000002322a00000]
Native frames: (J=compiled Java code, j=interpreted, Vv=VM code, C=native code)
V  [jvm.dll+0x6e0b99]  (no source info available)
V  [jvm.dll+0x87e2b3]  (no source info available)
V  [jvm.dll+0x88073e]  (no source info available)
V  [jvm.dll+0x880e13]  (no source info available)
V  [jvm.dll+0x27b006]  (no source info available)
V  [jvm.dll+0x6dd485]  (no source info available)
V  [jvm.dll+0x6d127a]  (no source info available)
V  [jvm.dll+0x35b50a]  (no source info available)
V  [jvm.dll+0x363916]  (no source info available)
V  [jvm.dll+0x34fe7e]  (no source info available)
V  [jvm.dll+0x350118]  (no source info available)
V  [jvm.dll+0x328aec]  (no source info available)
V  [jvm.dll+0x32978e]  (no source info available)
V  [jvm.dll+0x8449a5]  (no source info available)
V  [jvm.dll+0x3b9a08]  (no source info available)
V  [jvm.dll+0x82d68c]  (no source info available)
V  [jvm.dll+0x454f2e]  (no source info available)
V  [jvm.dll+0x456db1]  (no source info available)
C  [jli.dll+0x52a3]  (no source info available)
C  [ucrtbase.dll+0x21bb2]  (no source info available)
C  [KERNEL32.DLL+0x17374]  (no source info available)
C  [ntdll.dll+0x4cc91]  (no source info available)

Lock stack of current Java thread (top to bottom):


---------------  P R O C E S S  ---------------

Threads class SMR info:
_java_thread_list=0x00007ffc930d4618, length=0, elements={
}

Java Threads: ( => current thread )
Total: 0

Other Threads:
  0x00000208bc4aa850 WorkerThread "GC Thread#0"                     [id=40216, stack(0x0000002322a00000,0x0000002322b00000) (1024K)]
  0x00000208bc4bff20 ConcurrentGCThread "G1 Main Marker"            [id=30028, stack(0x0000002322b00000,0x0000002322c00000) (1024K)]
  0x00000208bc4c1950 WorkerThread "G1 Conc#0"                       [id=39720, stack(0x0000002322c00000,0x0000002322d00000) (1024K)]

[error occurred during error reporting (printing all threads), id 0xc0000005, EXCEPTION_ACCESS_VIOLATION (0xc0000005) at pc=0x00007ffc9281c0da]
VM state: not at safepoint (not fully initialized)

VM Mutex/Monitor currently owned by a thread:  ([mutex/lock_event])
[0x00007ffc93154988] Heap_lock - owner thread: 0x00000208ba10eb40

Heap address: 0x0000000701800000, size: 4072 MB, Compressed Oops mode: Zero based, Oop shift amount: 3

CDS archive(s) mapped at: [0x0000000000000000-0x0000000000000000-0x0000000000000000), size 0, SharedBaseAddress: 0x0000000800000000, ArchiveRelocationMode: 1.
Narrow klass base: 0x0000000000000000, Narrow klass shift: 0, Narrow klass range: 0x0

GC Precious Log:
 CardTable entry size: 512
 Card Set container configuration: InlinePtr #cards 4 size 8 Array Of Cards #cards 16 size 48 Howl #buckets 8 coarsen threshold 3686 Howl Bitmap #cards 512 size 80 coarsen threshold 460 Card regions per heap region 1 cards per card region 4096

Heap:
 garbage-first heap   total reserved 4169728K, committed 0K, used 0K [0x0000000701800000, 0x0000000800000000)
  region size 2048K, 0 young (0K), 0 survivors (0K)

[error occurred during error reporting (printing heap information), id 0xc0000005, EXCEPTION_ACCESS_VIOLATION (0xc0000005) at pc=0x00007ffc92c1c6a9]
GC Heap History (0 events):
No events

Dll operation events (1 events):
Event: 0.075 Loaded shared library C:\Program Files\Java\jdk-23\bin\java.dll

Deoptimization events (0 events):
No events

Classes loaded (0 events):
No events

Classes unloaded (0 events):
No events

Classes redefined (0 events):
No events

Internal exceptions (0 events):
No events

VM Operations (0 events):
No events

Memory protections (0 events):
No events

Nmethod flushes (0 events):
No events

Events (0 events):
No events


Dynamic libraries:
0x00007ff6c6e20000 - 0x00007ff6c6e30000 	C:\Program Files\Java\jdk-23\bin\java.exe
0x00007ffcecdd0000 - 0x00007ffcecfc8000 	C:\WINDOWS\SYSTEM32\ntdll.dll
0x00007ffceafe0000 - 0x00007ffceb0a2000 	C:\WINDOWS\System32\KERNEL32.DLL
0x00007ffcea8c0000 - 0x00007ffceabb6000 	C:\WINDOWS\System32\KERNELBASE.dll
0x00007ffcea630000 - 0x00007ffcea730000 	C:\WINDOWS\System32\ucrtbase.dll
0x00007ffce5e00000 - 0x00007ffce5e1b000 	C:\Program Files\Java\jdk-23\bin\VCRUNTIME140.dll
0x00007ffce2220000 - 0x00007ffce2237000 	C:\Program Files\Java\jdk-23\bin\jli.dll
0x00007ffcecbf0000 - 0x00007ffcecd8d000 	C:\WINDOWS\System32\USER32.dll
0x00007ffcd4860000 - 0x00007ffcd4afa000 	C:\WINDOWS\WinSxS\amd64_microsoft.windows.common-controls_6595b64144ccf1df_6.0.19041.4355_none_60b8b9eb71f62e16\COMCTL32.dll
0x00007ffcea890000 - 0x00007ffcea8b2000 	C:\WINDOWS\System32\win32u.dll
0x00007ffceb430000 - 0x00007ffceb45b000 	C:\WINDOWS\System32\GDI32.dll
0x00007ffceca30000 - 0x00007ffcecace000 	C:\WINDOWS\System32\msvcrt.dll
0x00007ffcea460000 - 0x00007ffcea57a000 	C:\WINDOWS\System32\gdi32full.dll
0x00007ffceac50000 - 0x00007ffceaced000 	C:\WINDOWS\System32\msvcp_win.dll
0x00007ffceb6e0000 - 0x00007ffceb70f000 	C:\WINDOWS\System32\IMM32.DLL
0x00007ffce5bb0000 - 0x00007ffce5bbc000 	C:\Program Files\Java\jdk-23\bin\vcruntime140_1.dll
0x00007ffcc7ab0000 - 0x00007ffcc7b3e000 	C:\Program Files\Java\jdk-23\bin\msvcp140.dll
0x00007ffc924e0000 - 0x00007ffc93230000 	C:\Program Files\Java\jdk-23\bin\server\jvm.dll
0x00007ffceb590000 - 0x00007ffceb63f000 	C:\WINDOWS\System32\ADVAPI32.dll
0x00007ffceb640000 - 0x00007ffceb6df000 	C:\WINDOWS\System32\sechost.dll
0x00007ffceb460000 - 0x00007ffceb583000 	C:\WINDOWS\System32\RPCRT4.dll
0x00007ffcea580000 - 0x00007ffcea5a7000 	C:\WINDOWS\System32\bcrypt.dll
0x00007ffcebfb0000 - 0x00007ffcec01b000 	C:\WINDOWS\System32\WS2_32.dll
0x00007ffce9ee0000 - 0x00007ffce9f2b000 	C:\WINDOWS\SYSTEM32\POWRPROF.dll
0x00007ffce1ab0000 - 0x00007ffce1aba000 	C:\WINDOWS\SYSTEM32\VERSION.dll
0x00007ffcd52c0000 - 0x00007ffcd52e7000 	C:\WINDOWS\SYSTEM32\WINMM.dll
0x00007ffce9e50000 - 0x00007ffce9e62000 	C:\WINDOWS\SYSTEM32\UMPDC.dll
0x00007ffce8cb0000 - 0x00007ffce8cc2000 	C:\WINDOWS\SYSTEM32\kernel.appcore.dll
0x00007ffce3ff0000 - 0x00007ffce3ffa000 	C:\Program Files\Java\jdk-23\bin\jimage.dll
0x00007ffce81a0000 - 0x00007ffce8384000 	C:\WINDOWS\SYSTEM32\DBGHELP.DLL
0x00007ffce0d70000 - 0x00007ffce0da4000 	C:\WINDOWS\SYSTEM32\dbgcore.DLL
0x00007ffceabc0000 - 0x00007ffceac42000 	C:\WINDOWS\System32\bcryptPrimitives.dll
0x00007ffce5b90000 - 0x00007ffce5bae000 	C:\Program Files\Java\jdk-23\bin\java.dll
0x00007ffcec880000 - 0x00007ffcec9ab000 	C:\WINDOWS\System32\ole32.dll
0x00007ffceb0b0000 - 0x00007ffceb405000 	C:\WINDOWS\System32\combase.dll
0x00007ffcec020000 - 0x00007ffcec78f000 	C:\WINDOWS\System32\SHELL32.dll

dbghelp: loaded successfully - version: 4.0.5 - missing functions: none
symbol engine: initialized successfully - sym options: 0x614 - pdb path: .;C:\Program Files\Java\jdk-23\bin;C:\WINDOWS\SYSTEM32;C:\WINDOWS\WinSxS\amd64_microsoft.windows.common-controls_6595b64144ccf1df_6.0.19041.4355_none_60b8b9eb71f62e16;C:\Program Files\Java\jdk-23\bin\server

VM Arguments:
jvm_args: -Dclassworlds.conf=C:\Program Files\NetBeans-24\netbeans\java\maven\bin\m2.conf -Dmaven.home=C:\Program Files\NetBeans-24\netbeans\java\maven -Dlibrary.jansi.path=C:\Program Files\NetBeans-24\netbeans\java\maven\lib\jansi-native -Dmaven.multiModuleProjectDirectory=C:\Users\test\Downloads\javaProject\javaProject\javaProject 
java_command: org.codehaus.plexus.classworlds.launcher.Launcher -Dexec.vmArgs= -Dexec.args=${exec.vmArgs} -classpath %classpath ${exec.mainClass} ${exec.appArgs} -Dexec.appArgs= -Dexec.mainClass=com.mycompany.javaproject.JavaProject -Dexec.executable=C:\Program Files\Java\jdk-23\bin\java.exe -Dmaven.ext.class.path=C:\Program Files\NetBeans-24\netbeans\java\maven-nblib\netbeans-eventspy.jar --no-transfer-progress process-classes org.codehaus.mojo:exec-maven-plugin:3.1.0:exec
java_class_path (initial): C:\Program Files\NetBeans-24\netbeans\java\maven\boot\plexus-classworlds-2.8.0.jar
Launcher Type: SUN_STANDARD

[Global flags]
     intx CICompilerCount                          = 4                                         {product} {ergonomic}
     uint ConcGCThreads                            = 2                                         {product} {ergonomic}
     uint G1ConcRefinementThreads                  = 8                                         {product} {ergonomic}
   size_t G1HeapRegionSize                         = 2097152                                   {product} {ergonomic}
   size_t InitialHeapSize                          = 268435456                                 {product} {ergonomic}
   size_t MarkStackSize                            = 4194304                                   {product} {ergonomic}
   size_t MarkStackSizeMax                         = 536870912                                 {product} {ergonomic}
   size_t MaxHeapSize                              = 4269801472                                {product} {ergonomic}
   size_t MinHeapDeltaBytes                        = 2097152                                   {product} {ergonomic}
   size_t MinHeapSize                              = 8388608                                   {product} {ergonomic}
    uintx NonNMethodCodeHeapSize                   = 5832704                                {pd product} {ergonomic}
    uintx NonProfiledCodeHeapSize                  = 122945536                              {pd product} {ergonomic}
    uintx ProfiledCodeHeapSize                     = 122880000                              {pd product} {ergonomic}
    uintx ReservedCodeCacheSize                    = 251658240                              {pd product} {ergonomic}
     bool SegmentedCodeCache                       = true                                      {product} {ergonomic}
   size_t SoftMaxHeapSize                          = 4269801472                             {manageable} {ergonomic}
     bool UseCompressedOops                        = true                           {product lp64_product} {ergonomic}
     bool UseG1GC                                  = true                                      {product} {ergonomic}
     bool UseLargePagesIndividualAllocation        = false                                  {pd product} {ergonomic}

Logging:
Log output configuration:
 #0: stdout all=warning uptime,level,tags foldmultilines=false
 #1: stderr all=off uptime,level,tags foldmultilines=false

Environment Variables:
JAVA_HOME=C:\Program Files\Java\jdk-23
PATH=C:\Program Files\Common Files\Oracle\Java\javapath;C:\Program Files (x86)\Intel\iCLS Client\;C:\Program Files\Intel\iCLS Client\;C:\Windows\system32;C:\Windows;C:\Windows\System32\Wbem;C:\Windows\System32\WindowsPowerShell\v1.0\;C:\Program Files (x86)\Intel\Intel(R) Management Engine Components\DAL;C:\Program Files\Intel\Intel(R) Management Engine Components\DAL;C:\Program Files (x86)\Intel\Intel(R) Management Engine Components\IPT;C:\Program Files\Intel\Intel(R) Management Engine Components\IPT;C:\Program Files (x86)\NVIDIA Corporation\PhysX\Common;C:\Program Files\Intel\WiFi\bin\;C:\Program Files\Common Files\Intel\WirelessCommon\;C:\WINDOWS\system32;C:\WINDOWS;C:\WINDOWS\System32\Wbem;C:\WINDOWS\System32\WindowsPowerShell\v1.0\;C:\WINDOWS\System32\OpenSSH\;C:\Program Files\NVIDIA Corporation\NVIDIA NvDLISR;C:\Program Files\Microsoft SQL Server\130\Tools\Binn\;C:\Program Files\Git\cmd;C:\ProgramData\chocolatey\bin;C:\Program Files\nodejs\;C:\Program Files\MongoDB\Server\6.0\bin;C:\Users\test\AppData\Local\Programs\Microsoft VS Code\bin;C:\Users\test\AppData\Roaming\npm;C:\PHP;C:\Program Files\heroku\bin;
USERNAME=test
OS=Windows_NT
PROCESSOR_IDENTIFIER=Intel64 Family 6 Model 94 Stepping 3, GenuineIntel
TMP=C:\Users\test\AppData\Local\Temp
TEMP=C:\Users\test\AppData\Local\Temp




Periodic native trim disabled

---------------  S Y S T E M  ---------------

OS:
 Windows 10 , 64 bit Build 19041 (10.0.19041.5678)
OS uptime: 5 days 20:09 hours

CPU: total 8 (initial active 8) (4 cores per cpu, 2 threads per core) family 6 model 94 stepping 3 microcode 0xcc, cx8, cmov, fxsr, ht, mmx, 3dnowpref, sse, sse2, sse3, ssse3, sse4.1, sse4.2, popcnt, lzcnt, tsc, tscinvbit, avx, avx2, aes, erms, clmul, bmi1, bmi2, rtm, adx, fma, vzeroupper, clflush, clflushopt, rdtscp, f16c
Processor Information for the first 8 processors :
  Max Mhz: 2592, Current Mhz: 2592, Mhz Limit: 2592

Memory: 4k page, system-wide physical 16282M (15M free)
TotalPageFile size 65434M (AvailPageFile size 171M)
current process WorkingSet (physical memory assigned to process): 11M, peak: 11M
current process commit charge ("private bytes"): 60M, peak: 316M

vm_info: Java HotSpot(TM) 64-Bit Server VM (23.0.2+7-58) for windows-amd64 JRE (23.0.2+7-58), built on 2024-11-29T09:34:55Z with MS VC++ 17.6 (VS2022)

END.
